<?xml version="1.0" encoding="UTF-8"?>
<testsuite name="com.example.demo.data.VoitureTest" tests="2" skipped="0" failures="0" errors="0" timestamp="2023-04-03T07:54:09" hostname="r20217" time="0.007">
  <properties/>
  <testcase name="creerVoiture()" classname="com.example.demo.data.VoitureTest" time="0.004"/>
  <testcase name="instantierVoiture()" classname="com.example.demo.data.VoitureTest" time="0.003"/>
  <system-out><![CDATA[2023-04-03 09:54:08.332  INFO 15794 --- [    Test worker] .b.t.c.SpringBootTestContextBootstrapper : Neither @ContextConfiguration nor @ContextHierarchy found for test class [com.example.demo.data.VoitureTest], using SpringBootContextLoader
2023-04-03 09:54:08.332  INFO 15794 --- [    Test worker] o.s.t.c.support.AbstractContextLoader    : Could not detect default resource locations for test class [com.example.demo.data.VoitureTest]: no resource found for suffixes {-context.xml, Context.groovy}.
2023-04-03 09:54:08.333  INFO 15794 --- [    Test worker] t.c.s.AnnotationConfigContextLoaderUtils : Could not detect default configuration classes for test class [com.example.demo.data.VoitureTest]: VoitureTest does not declare any static, non-private, non-final, nested classes annotated with @Configuration.
2023-04-03 09:54:08.334  INFO 15794 --- [    Test worker] .b.t.c.SpringBootTestContextBootstrapper : Found @SpringBootConfiguration com.example.demo.DemoApplication for test class com.example.demo.data.VoitureTest
2023-04-03 09:54:08.335  INFO 15794 --- [    Test worker] .b.t.c.SpringBootTestContextBootstrapper : Loaded default TestExecutionListener class names from location [META-INF/spring.factories]: [org.springframework.boot.test.autoconfigure.restdocs.RestDocsTestExecutionListener, org.springframework.boot.test.autoconfigure.web.client.MockRestServiceServerResetTestExecutionListener, org.springframework.boot.test.autoconfigure.web.servlet.MockMvcPrintOnlyOnFailureTestExecutionListener, org.springframework.boot.test.autoconfigure.web.servlet.WebDriverTestExecutionListener, org.springframework.boot.test.autoconfigure.webservices.client.MockWebServiceServerTestExecutionListener, org.springframework.boot.test.mock.mockito.MockitoTestExecutionListener, org.springframework.boot.test.mock.mockito.ResetMocksTestExecutionListener, org.springframework.test.context.web.ServletTestExecutionListener, org.springframework.test.context.support.DirtiesContextBeforeModesTestExecutionListener, org.springframework.test.context.event.ApplicationEventsTestExecutionListener, org.springframework.test.context.support.DependencyInjectionTestExecutionListener, org.springframework.test.context.support.DirtiesContextTestExecutionListener, org.springframework.test.context.transaction.TransactionalTestExecutionListener, org.springframework.test.context.jdbc.SqlScriptsTestExecutionListener, org.springframework.test.context.event.EventPublishingTestExecutionListener]
2023-04-03 09:54:08.336  INFO 15794 --- [    Test worker] .b.t.c.SpringBootTestContextBootstrapper : Using TestExecutionListeners: [org.springframework.test.context.web.ServletTestExecutionListener@7b1c501d, org.springframework.test.context.support.DirtiesContextBeforeModesTestExecutionListener@5abbb273, org.springframework.test.context.event.ApplicationEventsTestExecutionListener@25d9291a, org.springframework.boot.test.mock.mockito.MockitoTestExecutionListener@445058e8, org.springframework.boot.test.autoconfigure.SpringBootDependencyInjectionTestExecutionListener@5d5574c7, org.springframework.test.context.support.DirtiesContextTestExecutionListener@5a7a6d34, org.springframework.test.context.transaction.TransactionalTestExecutionListener@36871e98, org.springframework.test.context.jdbc.SqlScriptsTestExecutionListener@70d687b8, org.springframework.test.context.event.EventPublishingTestExecutionListener@6533629, org.springframework.boot.test.autoconfigure.restdocs.RestDocsTestExecutionListener@f49e81a, org.springframework.boot.test.autoconfigure.web.client.MockRestServiceServerResetTestExecutionListener@1b444b5, org.springframework.boot.test.autoconfigure.web.servlet.MockMvcPrintOnlyOnFailureTestExecutionListener@459bf87c, org.springframework.boot.test.autoconfigure.web.servlet.WebDriverTestExecutionListener@5ae66c98, org.springframework.boot.test.autoconfigure.webservices.client.MockWebServiceServerTestExecutionListener@1aaf46e6, org.springframework.boot.test.mock.mockito.ResetMocksTestExecutionListener@391d28ea]

  .   ____          _            __ _ _
 /\\ / ___'_ __ _ _(_)_ __  __ _ \ \ \ \
( ( )\___ | '_ | '_| | '_ \/ _` | \ \ \ \
 \\/  ___)| |_)| | | | | || (_| |  ) ) ) )
  '  |____| .__|_| |_|_| |_\__, | / / / /
 =========|_|==============|___/=/_/_/_/
 :: Spring Boot ::                (v2.7.9)

2023-04-03 09:54:08.356  INFO 15794 --- [    Test worker] com.example.demo.data.VoitureTest        : Starting VoitureTest using Java 1.8.0_292 on r20217.iutv.univ-paris13.fr with PID 15794 (started by 12100361 in /tmp/qualiteDeDeveloppement)
2023-04-03 09:54:08.356  INFO 15794 --- [    Test worker] com.example.demo.data.VoitureTest        : No active profile set, falling back to 1 default profile: "default"
2023-04-03 09:54:08.451  INFO 15794 --- [    Test worker] .s.d.r.c.RepositoryConfigurationDelegate : Bootstrapping Spring Data JPA repositories in DEFAULT mode.
2023-04-03 09:54:08.455  INFO 15794 --- [    Test worker] .s.d.r.c.RepositoryConfigurationDelegate : Finished Spring Data repository scanning in 3 ms. Found 1 JPA repository interfaces.
2023-04-03 09:54:08.545  INFO 15794 --- [    Test worker] com.zaxxer.hikari.HikariDataSource       : HikariPool-2 - Starting...
2023-04-03 09:54:08.546  INFO 15794 --- [    Test worker] com.zaxxer.hikari.HikariDataSource       : HikariPool-2 - Start completed.
2023-04-03 09:54:08.552  INFO 15794 --- [    Test worker] o.hibernate.jpa.internal.util.LogHelper  : HHH000204: Processing PersistenceUnitInfo [name: default]
2023-04-03 09:54:08.554  INFO 15794 --- [    Test worker] org.hibernate.dialect.Dialect            : HHH000400: Using dialect: org.hibernate.dialect.H2Dialect
Hibernate: drop table if exists voiture CASCADE 
Hibernate: drop sequence if exists hibernate_sequence
Hibernate: create sequence hibernate_sequence start with 1 increment by 1
Hibernate: create table voiture (id integer not null, marque varchar(255), prix integer not null, primary key (id))
2023-04-03 09:54:08.570  INFO 15794 --- [    Test worker] o.h.e.t.j.p.i.JtaPlatformInitiator       : HHH000490: Using JtaPlatform implementation: [org.hibernate.engine.transaction.jta.platform.internal.NoJtaPlatform]
2023-04-03 09:54:08.571  INFO 15794 --- [    Test worker] j.LocalContainerEntityManagerFactoryBean : Initialized JPA EntityManagerFactory for persistence unit 'default'
2023-04-03 09:54:08.874  WARN 15794 --- [    Test worker] JpaBaseConfiguration$JpaWebConfiguration : spring.jpa.open-in-view is enabled by default. Therefore, database queries may be performed during view rendering. Explicitly configure spring.jpa.open-in-view to disable this warning
2023-04-03 09:54:08.944  INFO 15794 --- [    Test worker] o.s.b.a.h2.H2ConsoleAutoConfiguration    : H2 console available at '/h2-console'. Database available at 'jdbc:h2:mem:test'
2023-04-03 09:54:09.059  INFO 15794 --- [    Test worker] com.example.demo.data.VoitureTest        : Started VoitureTest in 0.722 seconds (JVM running for 4.236)
Hibernate: call next value for hibernate_sequence
Hibernate: insert into voiture (marque, prix, id) values (?, ?, ?)
Hibernate: call next value for hibernate_sequence
Hibernate: insert into voiture (marque, prix, id) values (?, ?, ?)
0null
La vrai voiture :
100000Mercedes
]]></system-out>
  <system-err><![CDATA[]]></system-err>
</testsuite>
